<?xml version="1.0" encoding="UTF-8"?>
<!-- Generated by org.testng.reporters.JUnitXMLReporter -->
<testsuite hostname="DESKTOP-A8RCGSQ" ignored="0" name="My Regression Tests" tests="4" failures="0" timestamp="2022-08-07T19:16:52 EDT" time="31.222" errors="0">
  <testcase name="runScenario" time="4.312" classname="io.cucumber.testng.AbstractTestNGCucumberTests"/>
  <testcase name="runScenario" time="3.951" classname="io.cucumber.testng.AbstractTestNGCucumberTests"/>
  <testcase name="runScenario" time="4.051" classname="io.cucumber.testng.AbstractTestNGCucumberTests"/>
  <testcase name="runScenario" time="3.957" classname="io.cucumber.testng.AbstractTestNGCucumberTests"/>
</testsuite> <!-- My Regression Tests -->
